
====================
2025-06-08 09:15:22
Tipo: Consulta por período (2025-06-15 a 2025-06-16)
--------------------
ID: 1
Data: 2025-06-15
Hora: 19:00
Mesa: 10
Pessoas: 4
Responsável: Alice Silva
Status: Pendente
Garçom: N/A
-----------------------
ID: 2
Data: 2025-06-15
Hora: 20:30
Mesa: 5
Pessoas: 2
Responsável: Bruno Costa
Status: Pendente
Garçom: N/A
-----------------------
ID: 3
Data: 2025-06-16
Hora: 12:00
Mesa: 1
Pessoas: 3
Responsável: Carla Dias
Status: Pendente
Garçom: N/A
-----------------------
ID: 4
Data: 2025-06-15
Hora: 19:30
Mesa: 7
Pessoas: 5
Responsável: Daniel Rocha
Status: Pendente
Garçom: João
-----------------------
Total de reservas encontradas: 4
=======================

====================
2025-06-08 09:18:55
Tipo: Consulta por período (2025-06-15 a 2025-06-16)
--------------------
ID: 1
Data: 2025-06-15
Hora: 19:00
Mesa: 10
Pessoas: 4
Responsável: Alice Silva
Status: Pendente
Garçom: N/A
-----------------------
ID: 2
Data: 2025-06-15
Hora: 20:30
Mesa: 5
Pessoas: 2
Responsável: Bruno Costa
Status: Pendente
Garçom: N/A
-----------------------
ID: 3
Data: 2025-06-16
Hora: 12:00
Mesa: 1
Pessoas: 3
Responsável: Carla Dias
Status: Pendente
Garçom: N/A
-----------------------
ID: 4
Data: 2025-06-15
Hora: 19:30
Mesa: 7
Pessoas: 5
Responsável: Daniel Rocha
Status: Pendente
Garçom: João
-----------------------
Total de reservas encontradas: 4
=======================

====================
2025-06-08 09:22:09
Tipo: Consulta por período (2025-06-15 a 2025-06-16)
--------------------
ID: 1
Data: 2025-06-15
Hora: 19:00
Mesa: 10
Pessoas: 4
Responsável: Alice Silva
Status: Pendente
Garçom: N/A
-----------------------
ID: 2
Data: 2025-06-15
Hora: 20:30
Mesa: 5
Pessoas: 2
Responsável: Bruno Costa
Status: Pendente
Garçom: N/A
-----------------------
ID: 3
Data: 2025-06-16
Hora: 12:00
Mesa: 1
Pessoas: 3
Responsável: Carla Dias
Status: Pendente
Garçom: N/A
-----------------------
ID: 4
Data: 2025-06-15
Hora: 19:30
Mesa: 7
Pessoas: 5
Responsável: Daniel Rocha
Status: Pendente
Garçom: João
-----------------------
Total de reservas encontradas: 4
=======================

====================
2025-06-08 09:25:08
Tipo: Consulta por período (2025-06-15 a 2025-06-16)
--------------------
ID: 1
Data: 2025-06-15
Hora: 19:00
Mesa: 10
Pessoas: 4
Responsável: Alice Silva
Status: Pendente
Garçom: N/A
-----------------------
ID: 2
Data: 2025-06-15
Hora: 20:30
Mesa: 5
Pessoas: 2
Responsável: Bruno Costa
Status: Pendente
Garçom: N/A
-----------------------
ID: 3
Data: 2025-06-16
Hora: 12:00
Mesa: 1
Pessoas: 3
Responsável: Carla Dias
Status: Pendente
Garçom: N/A
-----------------------
ID: 4
Data: 2025-06-15
Hora: 19:30
Mesa: 7
Pessoas: 5
Responsável: Daniel Rocha
Status: Pendente
Garçom: João
-----------------------
Total de reservas encontradas: 4
=======================

====================
2025-06-08 09:26:33
Tipo: Consulta por período (2025-06-15 a 2025-06-16)
--------------------
ID: 1
Data: 2025-06-15
Hora: 19:00
Mesa: 10
Pessoas: 4
Responsável: Alice Silva
Status: Pendente
Garçom: N/A
-----------------------
ID: 2
Data: 2025-06-15
Hora: 20:30
Mesa: 5
Pessoas: 2
Responsável: Bruno Costa
Status: Pendente
Garçom: N/A
-----------------------
ID: 3
Data: 2025-06-16
Hora: 12:00
Mesa: 1
Pessoas: 3
Responsável: Carla Dias
Status: Pendente
Garçom: N/A
-----------------------
ID: 4
Data: 2025-06-15
Hora: 19:30
Mesa: 7
Pessoas: 5
Responsável: Daniel Rocha
Status: Pendente
Garçom: João
-----------------------
Total de reservas encontradas: 4
=======================

====================
2025-06-08 09:30:44
Tipo: Consulta por período (2025-06-15 a 2025-06-16)
--------------------
ID: 1
Data: 2025-06-15
Hora: 19:00
Mesa: 10
Pessoas: 4
Responsável: Alice Silva
Status: Pendente
Garçom: N/A
-----------------------
ID: 2
Data: 2025-06-15
Hora: 20:30
Mesa: 5
Pessoas: 2
Responsável: Bruno Costa
Status: Pendente
Garçom: N/A
-----------------------
ID: 3
Data: 2025-06-16
Hora: 12:00
Mesa: 1
Pessoas: 3
Responsável: Carla Dias
Status: Pendente
Garçom: N/A
-----------------------
ID: 4
Data: 2025-06-15
Hora: 19:30
Mesa: 7
Pessoas: 5
Responsável: Daniel Rocha
Status: Pendente
Garçom: João
-----------------------
Total de reservas encontradas: 4
=======================

====================
2025-06-08 09:31:02
Tipo: Consulta por período (2025-06-15 a 2025-06-15)
--------------------
ID: 1
Data: 2025-06-15
Hora: 19:00
Mesa: 10
Pessoas: 4
Responsável: Alice Silva
Status: Pendente
Garçom: N/A
-----------------------
ID: 2
Data: 2025-06-15
Hora: 20:30
Mesa: 5
Pessoas: 2
Responsável: Bruno Costa
Status: Pendente
Garçom: N/A
-----------------------
ID: 4
Data: 2025-06-15
Hora: 19:30
Mesa: 7
Pessoas: 5
Responsável: Daniel Rocha
Status: Pendente
Garçom: João
-----------------------
Total de reservas encontradas: 3
=======================

====================
2025-06-08 09:31:40
Tipo: Consulta por período (2025-06-15 a 2025-06-15)
--------------------
ID: 1
Data: 2025-06-15
Hora: 19:00
Mesa: 10
Pessoas: 4
Responsável: Alice Silva
Status: Pendente
Garçom: N/A
-----------------------
ID: 2
Data: 2025-06-15
Hora: 20:30
Mesa: 5
Pessoas: 2
Responsável: Bruno Costa
Status: Pendente
Garçom: N/A
-----------------------
ID: 4
Data: 2025-06-15
Hora: 19:30
Mesa: 7
Pessoas: 5
Responsável: Daniel Rocha
Status: Pendente
Garçom: João
-----------------------
Total de reservas encontradas: 3
=======================

====================
2025-06-08 09:32:17
Tipo: Consulta por período (2025-06-15 a 2025-06-15)
--------------------
ID: 1
Data: 2025-06-15
Hora: 19:00
Mesa: 10
Pessoas: 4
Responsável: Alice Silva
Status: Pendente
Garçom: N/A
-----------------------
ID: 2
Data: 2025-06-15
Hora: 20:30
Mesa: 5
Pessoas: 2
Responsável: Bruno Costa
Status: Pendente
Garçom: N/A
-----------------------
ID: 4
Data: 2025-06-15
Hora: 19:30
Mesa: 7
Pessoas: 5
Responsável: Daniel Rocha
Status: Pendente
Garçom: João
-----------------------
Total de reservas encontradas: 3
=======================

====================
2025-06-08 10:53:23
Tipo: Consulta por período (2020-01-01 a 2100-12-31)
--------------------
ID: 1
Data: 2025-07-06
Hora: 10:10
Mesa: 1
Pessoas: 1
Responsável: Sergio
Status: Confirmada
Garçom: Mario
-----------------------
ID: 2
Data: 2025-08-08
Hora: 10:10
Mesa: 2
Pessoas: 2
Responsável: Ana
Status: Pendente
Garçom: Mariana
-----------------------
Total de reservas encontradas: 2
=======================

====================
2025-06-08 10:56:01
Tipo: Consulta por período (2020-01-01 a 2100-12-31)
--------------------
ID: 1
Data: 2025-07-06
Hora: 10:10
Mesa: 1
Pessoas: 1
Responsável: Sergio
Status: Confirmada
Garçom: Mario
-----------------------
ID: 2
Data: 2025-08-08
Hora: 10:10
Mesa: 2
Pessoas: 2
Responsável: Ana
Status: Pendente
Garçom: Mariana
-----------------------
Total de reservas encontradas: 2
=======================

====================
2025-06-08 10:56:05
Tipo: Consulta por período (2020-01-01 a 2100-12-31)
--------------------
ID: 1
Data: 2025-07-06
Hora: 10:10
Mesa: 1
Pessoas: 1
Responsável: Sergio
Status: Confirmada
Garçom: Mario
-----------------------
ID: 2
Data: 2025-08-08
Hora: 10:10
Mesa: 2
Pessoas: 2
Responsável: Ana
Status: Pendente
Garçom: Mariana
-----------------------
Total de reservas encontradas: 2
=======================

====================
2025-06-08 11:38:03
Tipo: Consulta por período (2025-07-06 a 2025-08-08)
--------------------
ID: 1
Data: 2025-07-06
Hora: 10:10
Mesa: 1
Pessoas: 1
Responsável: Sergio
Status: Confirmada
Garçom: Mario
-----------------------
ID: 2
Data: 2025-08-08
Hora: 10:10
Mesa: 2
Pessoas: 2
Responsável: Ana
Status: Pendente
Garçom: Mariana
-----------------------
Total de reservas encontradas: 2
=======================

====================
2025-06-08 11:38:09
Tipo: Consulta por período (2025-07-06 a 2025-08-08)
--------------------
ID: 1
Data: 2025-07-06
Hora: 10:10
Mesa: 1
Pessoas: 1
Responsável: Sergio
Status: Confirmada
Garçom: Mario
-----------------------
ID: 2
Data: 2025-08-08
Hora: 10:10
Mesa: 2
Pessoas: 2
Responsável: Ana
Status: Pendente
Garçom: Mariana
-----------------------
Total de reservas encontradas: 2
=======================

====================
2025-06-08 11:38:21
Tipo: Consulta por período (2025-07-06 a 2025-08-08)
--------------------
ID: 1
Data: 2025-07-06
Hora: 10:10
Mesa: 1
Pessoas: 1
Responsável: Sergio
Status: Confirmada
Garçom: Mario
-----------------------
ID: 2
Data: 2025-08-08
Hora: 10:10
Mesa: 2
Pessoas: 2
Responsável: Ana
Status: Pendente
Garçom: Mariana
-----------------------
Total de reservas encontradas: 2
=======================

====================
2025-06-08 11:38:26
Tipo: Consulta por período (2025-07-06 a 2025-08-08)
--------------------
ID: 1
Data: 2025-07-06
Hora: 10:10
Mesa: 1
Pessoas: 1
Responsável: Sergio
Status: Confirmada
Garçom: Mario
-----------------------
ID: 2
Data: 2025-08-08
Hora: 10:10
Mesa: 2
Pessoas: 2
Responsável: Ana
Status: Pendente
Garçom: Mariana
-----------------------
Total de reservas encontradas: 2
=======================

====================
2025-06-08 11:40:19
Tipo: Consulta por período (2025-07-06 a 2025-07-06)
--------------------
ID: 1
Data: 2025-07-06
Hora: 10:10
Mesa: 1
Pessoas: 1
Responsável: Sergio
Status: Confirmada
Garçom: Mario
-----------------------
ID: 3
Data: 2025-07-06
Hora: 11:01
Mesa: 3
Pessoas: 4
Responsável: Daisy
Status: Pendente
Garçom: N/A
-----------------------
Total de reservas encontradas: 2
=======================

====================
2025-06-08 11:40:23
Tipo: Consulta por período (2025-07-06 a 2025-07-06)
--------------------
ID: 1
Data: 2025-07-06
Hora: 10:10
Mesa: 1
Pessoas: 1
Responsável: Sergio
Status: Confirmada
Garçom: Mario
-----------------------
ID: 3
Data: 2025-07-06
Hora: 11:01
Mesa: 3
Pessoas: 4
Responsável: Daisy
Status: Pendente
Garçom: N/A
-----------------------
Total de reservas encontradas: 2
=======================

====================
2025-06-08 11:40:26
Tipo: Consulta por período (2025-07-06 a 2025-07-06)
--------------------
ID: 1
Data: 2025-07-06
Hora: 10:10
Mesa: 1
Pessoas: 1
Responsável: Sergio
Status: Confirmada
Garçom: Mario
-----------------------
ID: 3
Data: 2025-07-06
Hora: 11:01
Mesa: 3
Pessoas: 4
Responsável: Daisy
Status: Pendente
Garçom: N/A
-----------------------
Total de reservas encontradas: 2
=======================

====================
2025-06-08 11:40:38
Tipo: Consulta por período (2025-07-06 a 2025-08-08)
--------------------
ID: 1
Data: 2025-07-06
Hora: 10:10
Mesa: 1
Pessoas: 1
Responsável: Sergio
Status: Confirmada
Garçom: Mario
-----------------------
ID: 2
Data: 2025-08-08
Hora: 10:10
Mesa: 2
Pessoas: 2
Responsável: Ana
Status: Pendente
Garçom: Mariana
-----------------------
ID: 3
Data: 2025-07-06
Hora: 11:01
Mesa: 3
Pessoas: 4
Responsável: Daisy
Status: Pendente
Garçom: N/A
-----------------------
Total de reservas encontradas: 3
=======================

====================
2025-06-08 11:40:45
Tipo: Consulta por período (2025-07-06 a 2025-08-08)
--------------------
ID: 1
Data: 2025-07-06
Hora: 10:10
Mesa: 1
Pessoas: 1
Responsável: Sergio
Status: Confirmada
Garçom: Mario
-----------------------
ID: 2
Data: 2025-08-08
Hora: 10:10
Mesa: 2
Pessoas: 2
Responsável: Ana
Status: Pendente
Garçom: Mariana
-----------------------
ID: 3
Data: 2025-07-06
Hora: 11:01
Mesa: 3
Pessoas: 4
Responsável: Daisy
Status: Pendente
Garçom: N/A
-----------------------
Total de reservas encontradas: 3
=======================

====================
2025-06-08 12:03:22
Tipo: Consulta por período (2025-07-06 a 2025-07-06)
--------------------
ID: 1
Data: 2025-07-06
Hora: 10:10
Mesa: 1
Pessoas: 1
Responsável: Sergio
Status: Confirmada
Garçom: Mario
-----------------------
ID: 3
Data: 2025-07-06
Hora: 11:01
Mesa: 3
Pessoas: 4
Responsável: Daisy
Status: Pendente
Garçom: N/A
-----------------------
Total de reservas encontradas: 2
=======================

====================
2025-06-08 12:03:33
Tipo: Consulta por mesa (3)
--------------------
ID: 3
Data: 2025-07-06
Hora: 11:01
Mesa: 3
Pessoas: 4
Responsável: Daisy
Status: Pendente
Garçom: N/A
-----------------------
Total de reservas encontradas: 1
=======================

====================
2025-06-08 12:03:42
Tipo: Consulta por status (Pendente)
--------------------
Mesa: 2
Status: Pendente
-----------------------
Mesa: 3
Status: Pendente
-----------------------
Total de mesas encontradas: 2
=======================

====================
2025-06-08 12:03:45
Tipo: Consulta por status (Pendente)
--------------------
Mesa: 2
Status: Pendente
-----------------------
Mesa: 3
Status: Pendente
-----------------------
Total de mesas encontradas: 2
=======================

====================
2025-06-08 12:03:51
Tipo: Consulta por status (Confirmada)
--------------------
Mesa: 1
Status: Confirmada
-----------------------
Total de mesas encontradas: 1
=======================

====================
2025-06-08 13:51:05
Tipo: Consulta por mesa (2)
--------------------
ID: 2
Data: 2025-08-08
Hora: 10:10
Mesa: 2
Pessoas: 2
Responsável: Ana
Status: Pendente
Garçom: Mariana
-----------------------
Total de reservas encontradas: 1
=======================

====================
2025-06-08 13:51:26
Tipo: Consulta por mesa (12)
--------------------
ID: 4
Data: 2025-11-21
Hora: 12:12
Mesa: 12
Pessoas: 2
Responsável: kevin
Status: Pendente
Garçom: marcela
-----------------------
Total de reservas encontradas: 1
=======================
