
====================
2025-06-09 23:49:30
Tipo: Consulta por status (Confirmada)
--------------------
Mesa: 1
Status: Confirmada
-----------------------
Mesa: 7
Status: Confirmada
-----------------------
Total de mesas encontradas: 2
=======================

====================
2025-06-09 23:49:30
Tipo: Consulta por status (Confirmada)
--------------------
Mesa: 1
Status: Confirmada
-----------------------
Mesa: 7
Status: Confirmada
-----------------------
Total de mesas encontradas: 2
=======================

====================
2025-06-09 23:49:41
Tipo: Consulta por status (Confirmada)
--------------------
Mesa: 1
Status: Confirmada
-----------------------
Mesa: 7
Status: Confirmada
-----------------------
Total de mesas encontradas: 2
=======================

====================
2025-06-09 23:49:42
Tipo: Consulta por status (Confirmada)
--------------------
Mesa: 1
Status: Confirmada
-----------------------
Mesa: 7
Status: Confirmada
-----------------------
Total de mesas encontradas: 2
=======================

====================
2025-06-09 23:49:54
Tipo: Consulta por status (Cancelada)
--------------------
Mesa: 2
Status: Cancelada
-----------------------
Mesa: 3
Status: Cancelada
-----------------------
Total de mesas encontradas: 2
=======================

====================
2025-06-09 23:50:38
Tipo: Consulta por mesa (2)
--------------------
ID: 2
Data: 2025-06-09
Hora: 21:00
Mesa: 2
Pessoas: 2
Responsável: a
Status: Cancelada
Garçom: a
-----------------------
Total de reservas encontradas: 1
=======================

====================
2025-06-09 23:58:25
Tipo: Consulta por mesa (2)
--------------------
ID: 2
Data: 2025-06-09
Hora: 21:00
Mesa: 2
Pessoas: 2
Responsável: a
Status: Cancelada
Garçom: a
-----------------------
Total de reservas encontradas: 1
=======================

====================
2025-06-09 00:00:27
Tipo: Consulta por mesa (2)
--------------------
ID: 2
Data: 2025-06-09
Hora: 21:00
Mesa: 2
Pessoas: 2
Responsável: a
Status: Cancelada
Garçom: a
-----------------------
Total de reservas encontradas: 1
=======================

====================
2025-06-09 00:02:07
Tipo: Consulta por mesa (2)
--------------------
ID: 2
Data: 2025-06-09
Hora: 21:00
Mesa: 2
Pessoas: 2
Responsável: a
Status: Cancelada
Garçom: a
-----------------------
Total de reservas encontradas: 1
=======================

====================
2025-06-09 00:09:47
Tipo: Consulta por status (Confirmada)
--------------------
Mesa: 1
Status: Confirmada
-----------------------
Mesa: 7
Status: Confirmada
-----------------------
Total de mesas encontradas: 2
=======================

====================
2025-06-09 00:15:28
Tipo: Consulta por status (Confirmada)
--------------------
Mesa: 1
Status: Confirmada
-----------------------
Mesa: 7
Status: Confirmada
-----------------------
Mesa: 2
Status: Confirmada
-----------------------
Total de mesas encontradas: 3
=======================

====================
2025-06-09 00:16:34
Tipo: Consulta por status (Confirmada)
--------------------
Mesa: 1
Status: Confirmada
-----------------------
Mesa: 7
Status: Confirmada
-----------------------
Mesa: 2
Status: Confirmada
-----------------------
Total de mesas encontradas: 3
=======================

====================
2025-06-09 00:19:40
Tipo: Consulta por mesa (2)
--------------------
ID: 2
Data: 2025-06-09
Hora: 21:00
Mesa: 2
Pessoas: 2
Responsável: a
Status: Cancelada
Garçom: a
-----------------------
ID: 7
Data: 2025-09-10
Hora: 15:00
Mesa: 2
Pessoas: 12
Responsável: dui
Status: Confirmada
Garçom: big
-----------------------
Total de reservas encontradas: 2
=======================

====================
2025-06-09 00:20:03
Tipo: Consulta por mesa (2)
--------------------
ID: 2
Data: 2025-06-09
Hora: 21:00
Mesa: 2
Pessoas: 2
Responsável: a
Status: Cancelada
Garçom: a
-----------------------
ID: 7
Data: 2025-09-10
Hora: 15:00
Mesa: 2
Pessoas: 12
Responsável: dui
Status: Confirmada
Garçom: big
-----------------------
Total de reservas encontradas: 2
=======================
